<?xml version="1.0" encoding="UTF-8"?>
<testsuite xmlns:xsi="http://www.w3.org/2001/XMLSchema-instance" xsi:noNamespaceSchemaLocation="https://maven.apache.org/surefire/maven-surefire-plugin/xsd/surefire-test-report.xsd" name="DashboardRunner" time="48.663" tests="15" errors="0" skipped="2" failures="0">
  <properties>
[...]
</properties>
  <testcase name="I navigate to Interview Prep" classname="Adding new dashboard" time="11.9"/>
  <testcase name="I should see the &quot;Login&quot; page" classname="Adding new dashboard" time="7.378"/>
  <testcase name="I enter &quot;admin@yahoo.com&quot; in the &quot;Enter Username&quot; input box" classname="Adding new dashboard" time="6.368"/>
  <testcase name="I enter &quot;adminuser123&quot; in the &quot;Enter Password&quot; input box" classname="Adding new dashboard" time="4.535"/>
  <testcase name="I click &quot;Login&quot; button" classname="Adding new dashboard" time="5.945"/>
  <testcase name="I should see the &quot;Home&quot; page" classname="Adding new dashboard" time="1.311"/>
  <testcase name="I verify the following dashboards are displayed:" classname="Adding new dashboard" time="2.188"/>
  <testcase name="I verify the following dashboards are displayed:" classname="Adding new dashboard" time="0.968"/>
  <testcase name="I enter &quot;Khali&quot; in the &quot;New dashboard&quot; input box" classname="Adding new dashboard" time="1.067"/>
  <testcase name="I enter &quot;Khali&quot; in the &quot;New dashboard&quot; input box" classname="Adding new dashboard" time="0.78"/>
  <testcase name="I click &quot;+ Add&quot; button" classname="Adding new dashboard" time="1.434"/>
  <testcase name="I click &quot;+ Add&quot; button" classname="Adding new dashboard" time="1.221"/>
  <testcase name="I should see &quot;already exists&quot; error message" classname="Adding new dashboard" time="0.542"/>
  <testcase name="I delete the following dashboard:" classname="Adding new dashboard" time="0">
    <skipped message="This step is undefined"/>
    <system-out><![CDATA[    &amp#27;[32mThen &amp#27;[0m&amp#27;[32mI should see &amp#27;[0m&amp#27;[32m&amp#27;[1m"already exists"&amp#27;[0m&amp#27;[32m error message&amp#27;[0m                 &amp#27;[90m# DashboardSteps.iShouldSeeErrorMessage(String)&amp#27;[0m
]]></system-out>
  </testcase>
  <testcase name="Adding new dashboard" classname="Adding new dashboard" time="0">
    <skipped message="The step &quot;I delete the following dashboard:&quot; is undefined"/>
    <system-out><![CDATA[    &amp#27;[33mThen &amp#27;[0m&amp#27;[33mI delete the following dashboard:&amp#27;[0m                           &amp#27;[90m# null&amp#27;[0m
=============tearing down
]]></system-out>
  </testcase>
</testsuite>